2026-06-03 10:09:50,168 WARNING 遊戲:21点 勝率:47.06%
2026-06-03 10:09:50,169 WARNING 遊戲:三公 勝率:57.89%
2026-06-03 10:09:50,169 WARNING 遊戲:二八杠 勝率:43.75%
2026-06-03 10:09:50,169 WARNING 遊戲:十三水 勝率:43.42%
2026-06-03 10:09:50,169 WARNING 遊戲:台湾麻将 勝率:25.0%
2026-06-03 10:09:50,169 WARNING 遊戲:四支刀 勝率:16.67%
2026-06-03 10:09:50,170 WARNING 遊戲:大老二 勝率:27.15%
2026-06-03 10:09:50,170 WARNING 遊戲:奔驰宝马 勝率:30.0%
2026-06-03 10:09:50,170 WARNING 遊戲:射门之王 勝率:30.43%
2026-06-03 10:09:50,170 WARNING 遊戲:开运金龙 勝率:47.06%
2026-06-03 10:09:50,170 WARNING 遊戲:德州扑克 勝率:33.33%
2026-06-03 10:09:50,171 WARNING 遊戲:抢庄牛牛 勝率:37.93%
2026-06-03 10:09:50,171 WARNING 遊戲:押庄龙虎 勝率:43.4%
2026-06-03 10:09:50,171 WARNING 遊戲:斗地主 勝率:33.33%
2026-06-03 10:09:50,171 WARNING 遊戲:极速百家乐 勝率:29.55%
2026-06-03 10:09:50,171 WARNING 遊戲:森林舞会 勝率:26.47%
2026-06-03 10:09:50,172 WARNING 遊戲:比大小 勝率:11.43%
2026-06-03 10:09:50,172 WARNING 遊戲:水果机 勝率:12.11%
2026-06-03 10:09:50,172 WARNING 遊戲:澳门百家乐幸运六 勝率:13.16%
2026-06-03 10:09:50,172 WARNING 遊戲:炸金花 勝率:35.94%
2026-06-03 10:09:50,172 WARNING 遊戲:百人牛牛 勝率:47.83%
2026-06-03 10:09:50,172 WARNING 遊戲:百人骰宝 勝率:44.44%
2026-06-03 10:09:50,173 WARNING 遊戲:百家乐 勝率:21.62%
2026-06-03 10:09:50,173 WARNING 遊戲:百鬼夜行 勝率:9.52%
2026-06-03 10:09:50,173 WARNING 遊戲:看牌抢庄牛牛 勝率:39.29%
2026-06-03 10:09:50,173 WARNING 遊戲:逃离五指山 勝率:7.01%
2026-06-03 10:09:50,173 WARNING 遊戲:通比牛牛 勝率:13.04%
2026-06-03 10:09:50,174 WARNING 遊戲:金鲨银鲨 勝率:16.67%
2026-06-03 10:09:50,174 WARNING 遊戲:铸剑 勝率:55.43%
2026-06-03 10:09:50,174 WARNING 遊戲:鱼虾蟹 勝率:37.04%
2026-06-03 10:09:50,174 WARNING 遊戲:黑神话百人牛牛 勝率:78.26%
2026-06-04 17:08:13,190 WARNING WARNING 遊戲:21点 勝率:47.06%
2026-06-04 17:08:13,190 WARNING WARNING 遊戲:三公 勝率:57.89%
2026-06-04 17:08:13,190 WARNING WARNING 遊戲:二八杠 勝率:43.75%
2026-06-04 17:08:13,191 WARNING WARNING 遊戲:十三水 勝率:43.42%
2026-06-04 17:08:13,191 WARNING WARNING 遊戲:台湾麻将 勝率:25.0%
2026-06-04 17:08:13,191 WARNING WARNING 遊戲:四支刀 勝率:16.67%
2026-06-04 17:08:13,191 WARNING WARNING 遊戲:大老二 勝率:27.15%
2026-06-04 17:08:13,191 WARNING WARNING 遊戲:奔驰宝马 勝率:30.0%
2026-06-04 17:08:13,191 WARNING WARNING 遊戲:射门之王 勝率:30.43%
2026-06-04 17:08:13,191 WARNING WARNING 遊戲:开运金龙 勝率:47.06%
2026-06-04 17:08:13,192 WARNING WARNING 遊戲:德州扑克 勝率:33.33%
2026-06-04 17:08:13,192 WARNING WARNING 遊戲:抢庄牛牛 勝率:37.93%
2026-06-04 17:08:13,192 WARNING WARNING 遊戲:押庄龙虎 勝率:43.4%
2026-06-04 17:08:13,192 WARNING WARNING 遊戲:斗地主 勝率:33.33%
2026-06-04 17:08:13,192 WARNING WARNING 遊戲:极速百家乐 勝率:29.55%
2026-06-04 17:08:13,192 WARNING WARNING 遊戲:森林舞会 勝率:26.47%
2026-06-04 17:08:13,193 WARNING WARNING 遊戲:比大小 勝率:11.43%
2026-06-04 17:08:13,193 WARNING WARNING 遊戲:水果机 勝率:12.11%
2026-06-04 17:08:13,193 WARNING WARNING 遊戲:澳门百家乐幸运六 勝率:13.16%
2026-06-04 17:08:13,193 WARNING WARNING 遊戲:炸金花 勝率:35.94%
2026-06-04 17:08:13,193 WARNING WARNING 遊戲:百人牛牛 勝率:47.83%
2026-06-04 17:08:13,193 WARNING WARNING 遊戲:百人骰宝 勝率:44.44%
2026-06-04 17:08:13,193 WARNING WARNING 遊戲:百家乐 勝率:21.62%
2026-06-04 17:08:13,194 WARNING WARNING 遊戲:百鬼夜行 勝率:9.52%
2026-06-04 17:08:13,194 WARNING WARNING 遊戲:看牌抢庄牛牛 勝率:39.29%
2026-06-04 17:08:13,194 WARNING WARNING 遊戲:逃离五指山 勝率:7.01%
2026-06-04 17:08:13,194 WARNING WARNING 遊戲:通比牛牛 勝率:13.04%
2026-06-04 17:08:13,194 WARNING WARNING 遊戲:金鲨银鲨 勝率:16.67%
2026-06-04 17:08:13,194 WARNING WARNING 遊戲:铸剑 勝率:55.43%
2026-06-04 17:08:13,194 WARNING WARNING 遊戲:鱼虾蟹 勝率:37.04%
2026-06-04 17:08:13,195 WARNING WARNING 遊戲:黑神话百人牛牛 勝率:78.26%
2026-06-04 17:12:09,998 WARNING WARNING 遊戲:21点 勝率:47.06%
2026-06-04 17:12:09,998 WARNING WARNING 遊戲:三公 勝率:57.89%
2026-06-04 17:12:09,999 WARNING WARNING 遊戲:二八杠 勝率:43.75%
2026-06-04 17:12:09,999 WARNING WARNING 遊戲:十三水 勝率:43.42%
2026-06-04 17:12:09,999 WARNING WARNING 遊戲:台湾麻将 勝率:25.0%
2026-06-04 17:12:09,999 WARNING WARNING 遊戲:四支刀 勝率:16.67%
2026-06-04 17:12:10,000 WARNING WARNING 遊戲:大老二 勝率:27.15%
2026-06-04 17:12:10,000 WARNING WARNING 遊戲:奔驰宝马 勝率:30.0%
2026-06-04 17:12:10,000 WARNING WARNING 遊戲:射门之王 勝率:30.43%
2026-06-04 17:12:10,000 WARNING WARNING 遊戲:开运金龙 勝率:47.06%
2026-06-04 17:12:10,000 WARNING WARNING 遊戲:德州扑克 勝率:33.33%
2026-06-04 17:12:10,001 WARNING WARNING 遊戲:抢庄牛牛 勝率:37.93%
2026-06-04 17:12:10,001 WARNING WARNING 遊戲:押庄龙虎 勝率:43.4%
2026-06-04 17:12:10,001 WARNING WARNING 遊戲:斗地主 勝率:33.33%
2026-06-04 17:12:10,001 WARNING WARNING 遊戲:极速百家乐 勝率:29.55%
2026-06-04 17:12:10,001 WARNING WARNING 遊戲:森林舞会 勝率:26.47%
2026-06-04 17:12:10,001 WARNING WARNING 遊戲:比大小 勝率:11.43%
2026-06-04 17:12:10,002 WARNING WARNING 遊戲:水果机 勝率:12.11%
2026-06-04 17:12:10,002 WARNING WARNING 遊戲:澳门百家乐幸运六 勝率:13.16%
2026-06-04 17:12:10,002 WARNING WARNING 遊戲:炸金花 勝率:35.94%
2026-06-04 17:12:10,002 WARNING WARNING 遊戲:百人牛牛 勝率:47.83%
2026-06-04 17:12:10,002 WARNING WARNING 遊戲:百人骰宝 勝率:44.44%
2026-06-04 17:12:10,002 WARNING WARNING 遊戲:百家乐 勝率:21.62%
2026-06-04 17:12:10,003 WARNING WARNING 遊戲:百鬼夜行 勝率:9.52%
2026-06-04 17:12:10,003 WARNING WARNING 遊戲:看牌抢庄牛牛 勝率:39.29%
2026-06-04 17:12:10,003 WARNING WARNING 遊戲:逃离五指山 勝率:7.01%
2026-06-04 17:12:10,003 WARNING WARNING 遊戲:通比牛牛 勝率:13.04%
2026-06-04 17:12:10,003 WARNING WARNING 遊戲:金鲨银鲨 勝率:16.67%
2026-06-04 17:12:10,003 WARNING WARNING 遊戲:铸剑 勝率:55.43%
2026-06-04 17:12:10,004 WARNING WARNING 遊戲:鱼虾蟹 勝率:37.04%
2026-06-04 17:12:10,004 WARNING WARNING 遊戲:黑神话百人牛牛 勝率:78.26%
2026-06-04 17:15:21,958 WARNING WARNING 遊戲:21点 勝率:47.06%
2026-06-04 17:15:21,959 WARNING WARNING 遊戲:三公 勝率:57.89%
2026-06-04 17:15:21,959 WARNING WARNING 遊戲:二八杠 勝率:43.75%
2026-06-04 17:15:21,959 WARNING WARNING 遊戲:十三水 勝率:43.42%
2026-06-04 17:15:21,959 WARNING WARNING 遊戲:台湾麻将 勝率:25.0%
2026-06-04 17:15:21,959 WARNING WARNING 遊戲:四支刀 勝率:16.67%
2026-06-04 17:15:21,960 WARNING WARNING 遊戲:大老二 勝率:27.15%
2026-06-04 17:15:21,960 WARNING WARNING 遊戲:奔驰宝马 勝率:30.0%
2026-06-04 17:15:21,960 WARNING WARNING 遊戲:射门之王 勝率:30.43%
2026-06-04 17:15:21,960 WARNING WARNING 遊戲:开运金龙 勝率:47.06%
2026-06-04 17:15:21,960 WARNING WARNING 遊戲:德州扑克 勝率:33.33%
2026-06-04 17:15:21,960 WARNING WARNING 遊戲:抢庄牛牛 勝率:37.93%
2026-06-04 17:15:21,961 WARNING WARNING 遊戲:押庄龙虎 勝率:43.4%
2026-06-04 17:15:21,961 WARNING WARNING 遊戲:斗地主 勝率:33.33%
2026-06-04 17:15:21,961 WARNING WARNING 遊戲:极速百家乐 勝率:29.55%
2026-06-04 17:15:21,961 WARNING WARNING 遊戲:森林舞会 勝率:26.47%
2026-06-04 17:15:21,961 WARNING WARNING 遊戲:比大小 勝率:11.43%
2026-06-04 17:15:21,961 WARNING WARNING 遊戲:水果机 勝率:12.11%
2026-06-04 17:15:21,961 WARNING WARNING 遊戲:澳门百家乐幸运六 勝率:13.16%
2026-06-04 17:15:21,962 WARNING WARNING 遊戲:炸金花 勝率:35.94%
2026-06-04 17:15:21,962 WARNING WARNING 遊戲:百人牛牛 勝率:47.83%
2026-06-04 17:15:21,962 WARNING WARNING 遊戲:百人骰宝 勝率:44.44%
2026-06-04 17:15:21,962 WARNING WARNING 遊戲:百家乐 勝率:21.62%
2026-06-04 17:15:21,962 WARNING WARNING 遊戲:百鬼夜行 勝率:9.52%
2026-06-04 17:15:21,962 WARNING WARNING 遊戲:看牌抢庄牛牛 勝率:39.29%
2026-06-04 17:15:21,962 WARNING WARNING 遊戲:逃离五指山 勝率:7.01%
2026-06-04 17:15:21,963 WARNING WARNING 遊戲:通比牛牛 勝率:13.04%
2026-06-04 17:15:21,963 WARNING WARNING 遊戲:金鲨银鲨 勝率:16.67%
2026-06-04 17:15:21,963 WARNING WARNING 遊戲:铸剑 勝率:55.43%
2026-06-04 17:15:21,963 WARNING WARNING 遊戲:鱼虾蟹 勝率:37.04%
2026-06-04 17:15:21,963 WARNING WARNING 遊戲:黑神话百人牛牛 勝率:78.26%
2026-06-04 17:16:31,214 WARNING WARNING 遊戲:21点 勝率:47.06%
2026-06-04 17:16:31,215 WARNING WARNING 遊戲:三公 勝率:57.89%
2026-06-04 17:16:31,215 WARNING WARNING 遊戲:二八杠 勝率:43.75%
2026-06-04 17:16:31,215 WARNING WARNING 遊戲:十三水 勝率:43.42%
2026-06-04 17:16:31,215 WARNING WARNING 遊戲:台湾麻将 勝率:25.0%
2026-06-04 17:16:31,215 WARNING WARNING 遊戲:四支刀 勝率:16.67%
2026-06-04 17:16:31,216 WARNING WARNING 遊戲:大老二 勝率:27.15%
2026-06-04 17:16:31,216 WARNING WARNING 遊戲:奔驰宝马 勝率:30.0%
2026-06-04 17:16:31,216 WARNING WARNING 遊戲:射门之王 勝率:30.43%
2026-06-04 17:16:31,216 WARNING WARNING 遊戲:开运金龙 勝率:47.06%
2026-06-04 17:16:31,216 WARNING WARNING 遊戲:德州扑克 勝率:33.33%
2026-06-04 17:16:31,217 WARNING WARNING 遊戲:抢庄牛牛 勝率:37.93%
2026-06-04 17:16:31,217 WARNING WARNING 遊戲:押庄龙虎 勝率:43.4%
2026-06-04 17:16:31,217 WARNING WARNING 遊戲:斗地主 勝率:33.33%
2026-06-04 17:16:31,217 WARNING WARNING 遊戲:极速百家乐 勝率:29.55%
2026-06-04 17:16:31,217 WARNING WARNING 遊戲:森林舞会 勝率:26.47%
2026-06-04 17:16:31,217 WARNING WARNING 遊戲:比大小 勝率:11.43%
2026-06-04 17:16:31,218 WARNING WARNING 遊戲:水果机 勝率:12.11%
2026-06-04 17:16:31,218 WARNING WARNING 遊戲:澳门百家乐幸运六 勝率:13.16%
2026-06-04 17:16:31,218 WARNING WARNING 遊戲:炸金花 勝率:35.94%
2026-06-04 17:16:31,218 WARNING WARNING 遊戲:百人牛牛 勝率:47.83%
2026-06-04 17:16:31,218 WARNING WARNING 遊戲:百人骰宝 勝率:44.44%
2026-06-04 17:16:31,218 WARNING WARNING 遊戲:百家乐 勝率:21.62%
2026-06-04 17:16:31,219 WARNING WARNING 遊戲:百鬼夜行 勝率:9.52%
2026-06-04 17:16:31,219 WARNING WARNING 遊戲:看牌抢庄牛牛 勝率:39.29%
2026-06-04 17:16:31,219 WARNING WARNING 遊戲:逃离五指山 勝率:7.01%
2026-06-04 17:16:31,219 WARNING WARNING 遊戲:通比牛牛 勝率:13.04%
2026-06-04 17:16:31,219 WARNING WARNING 遊戲:金鲨银鲨 勝率:16.67%
2026-06-04 17:16:31,220 WARNING WARNING 遊戲:铸剑 勝率:55.43%
2026-06-04 17:16:31,220 WARNING WARNING 遊戲:鱼虾蟹 勝率:37.04%
2026-06-04 17:16:31,220 WARNING WARNING 遊戲:黑神话百人牛牛 勝率:78.26%
2026-06-04 17:18:30,369 WARNING WARNING 遊戲:21点 勝率:47.06%
2026-06-04 17:18:30,369 WARNING WARNING 遊戲:三公 勝率:57.89%
2026-06-04 17:18:30,369 WARNING WARNING 遊戲:二八杠 勝率:43.75%
2026-06-04 17:18:30,370 WARNING WARNING 遊戲:十三水 勝率:43.42%
2026-06-04 17:18:30,370 WARNING WARNING 遊戲:台湾麻将 勝率:25.0%
2026-06-04 17:18:30,370 WARNING WARNING 遊戲:四支刀 勝率:16.67%
2026-06-04 17:18:30,370 WARNING WARNING 遊戲:大老二 勝率:27.15%
2026-06-04 17:18:30,370 WARNING WARNING 遊戲:奔驰宝马 勝率:30.0%
2026-06-04 17:18:30,370 WARNING WARNING 遊戲:射门之王 勝率:30.43%
2026-06-04 17:18:30,371 WARNING WARNING 遊戲:开运金龙 勝率:47.06%
2026-06-04 17:18:30,371 WARNING WARNING 遊戲:德州扑克 勝率:33.33%
2026-06-04 17:18:30,371 WARNING WARNING 遊戲:抢庄牛牛 勝率:37.93%
2026-06-04 17:18:30,371 WARNING WARNING 遊戲:押庄龙虎 勝率:43.4%
2026-06-04 17:18:30,371 WARNING WARNING 遊戲:斗地主 勝率:33.33%
2026-06-04 17:18:30,372 WARNING WARNING 遊戲:极速百家乐 勝率:29.55%
2026-06-04 17:18:30,372 WARNING WARNING 遊戲:森林舞会 勝率:26.47%
2026-06-04 17:18:30,372 WARNING WARNING 遊戲:比大小 勝率:11.43%
2026-06-04 17:18:30,372 WARNING WARNING 遊戲:水果机 勝率:12.11%
2026-06-04 17:18:30,372 WARNING WARNING 遊戲:澳门百家乐幸运六 勝率:13.16%
2026-06-04 17:18:30,372 WARNING WARNING 遊戲:炸金花 勝率:35.94%
2026-06-04 17:18:30,373 WARNING WARNING 遊戲:百人牛牛 勝率:47.83%
2026-06-04 17:18:30,373 WARNING WARNING 遊戲:百人骰宝 勝率:44.44%
2026-06-04 17:18:30,373 WARNING WARNING 遊戲:百家乐 勝率:21.62%
2026-06-04 17:18:30,373 WARNING WARNING 遊戲:百鬼夜行 勝率:9.52%
2026-06-04 17:18:30,373 WARNING WARNING 遊戲:看牌抢庄牛牛 勝率:39.29%
2026-06-04 17:18:30,373 WARNING WARNING 遊戲:逃离五指山 勝率:7.01%
2026-06-04 17:18:30,374 WARNING WARNING 遊戲:通比牛牛 勝率:13.04%
2026-06-04 17:18:30,374 WARNING WARNING 遊戲:金鲨银鲨 勝率:16.67%
2026-06-04 17:18:30,374 WARNING WARNING 遊戲:铸剑 勝率:55.43%
2026-06-04 17:18:30,374 WARNING WARNING 遊戲:鱼虾蟹 勝率:37.04%
2026-06-04 17:18:30,374 WARNING WARNING 遊戲:黑神话百人牛牛 勝率:78.26%
